<?xml version="1.0" encoding="UTF-8"?>
<!-- Generated by org.testng.reporters.JUnitReportReporter -->
<testsuite hostname="DESKTOP-FNCJLSJ" failures="0" tests="24" name="dATA_PROVIDER.Yahho_provider" time="649.452" errors="1" timestamp="2022-06-16T15:59:51 IST" skipped="0">
  <testcase classname="dATA_PROVIDER.Yahho_provider" name="primary_yahoo_setup" time="34.004"/>
  <system-out/>
  <testcase classname="dATA_PROVIDER.Yahho_provider" name="primary_yahoo_setup" time="2.871">
    <error message="unknown error: cannot determine loading status
from disconnected: received Inspector.detached event
  (Session info: chrome=102.0.5005.115)
Build info: version: &#039;4.1.2&#039;, revision: &#039;9a5a329c5a&#039;
System info: host: &#039;DESKTOP-FNCJLSJ&#039;, ip: &#039;192.168.29.150&#039;, os.name: &#039;Windows 10&#039;, os.arch: &#039;amd64&#039;, os.version: &#039;10.0&#039;, java.version: &#039;16.0.1&#039;
Driver info: org.openqa.selenium.chrome.ChromeDriver
Command: [9299f14bb72743672c176072ecef1777, get {url=https://login.yahoo.com}]
Capabilities {acceptInsecureCerts: false, browserName: chrome, browserVersion: 102.0.5005.115, chrome: {chromedriverVersion: 101.0.4951.41 (93c720db8323..., userDataDir: C:\Users\lenovo\AppData\Loc...}, goog:chromeOptions: {debuggerAddress: localhost:53327}, javascriptEnabled: true, networkConnectionEnabled: false, pageLoadStrategy: normal, platform: WINDOWS, platformName: WINDOWS, proxy: Proxy(), se:cdp: ws://localhost:53327/devtoo..., se:cdpVersion: 102.0.5005.115, setWindowRect: true, strictFileInteractability: false, timeouts: {implicit: 0, pageLoad: 300000, script: 30000}, unhandledPromptBehavior: dismiss and notify, webauthn:extension:credBlob: true, webauthn:extension:largeBlob: true, webauthn:virtualAuthenticators: true}
Session ID: 9299f14bb72743672c176072ecef1777" type="org.openqa.selenium.WebDriverException">
      <![CDATA[org.openqa.selenium.WebDriverException: unknown error: cannot determine loading status
from disconnected: received Inspector.detached event
  (Session info: chrome=102.0.5005.115)
Build info: version: '4.1.2', revision: '9a5a329c5a'
System info: host: 'DESKTOP-FNCJLSJ', ip: '192.168.29.150', os.name: 'Windows 10', os.arch: 'amd64', os.version: '10.0', java.version: '16.0.1'
Driver info: org.openqa.selenium.chrome.ChromeDriver
Command: [9299f14bb72743672c176072ecef1777, get {url=https://login.yahoo.com}]
Capabilities {acceptInsecureCerts: false, browserName: chrome, browserVersion: 102.0.5005.115, chrome: {chromedriverVersion: 101.0.4951.41 (93c720db8323..., userDataDir: C:\Users\lenovo\AppData\Loc...}, goog:chromeOptions: {debuggerAddress: localhost:53327}, javascriptEnabled: true, networkConnectionEnabled: false, pageLoadStrategy: normal, platform: WINDOWS, platformName: WINDOWS, proxy: Proxy(), se:cdp: ws://localhost:53327/devtoo..., se:cdpVersion: 102.0.5005.115, setWindowRect: true, strictFileInteractability: false, timeouts: {implicit: 0, pageLoad: 300000, script: 30000}, unhandledPromptBehavior: dismiss and notify, webauthn:extension:credBlob: true, webauthn:extension:largeBlob: true, webauthn:virtualAuthenticators: true}
Session ID: 9299f14bb72743672c176072ecef1777
at java.base/jdk.internal.reflect.NativeConstructorAccessorImpl.newInstance0(Native Method)
at java.base/jdk.internal.reflect.NativeConstructorAccessorImpl.newInstance(NativeConstructorAccessorImpl.java:78)
at java.base/jdk.internal.reflect.DelegatingConstructorAccessorImpl.newInstance(DelegatingConstructorAccessorImpl.java:45)
at java.base/java.lang.reflect.Constructor.newInstanceWithCaller(Constructor.java:499)
at java.base/java.lang.reflect.Constructor.newInstance(Constructor.java:480)
at org.openqa.selenium.remote.codec.w3c.W3CHttpResponseCodec.createException(W3CHttpResponseCodec.java:200)
at org.openqa.selenium.remote.codec.w3c.W3CHttpResponseCodec.decode(W3CHttpResponseCodec.java:133)
at org.openqa.selenium.remote.codec.w3c.W3CHttpResponseCodec.decode(W3CHttpResponseCodec.java:53)
at org.openqa.selenium.remote.HttpCommandExecutor.execute(HttpCommandExecutor.java:184)
at org.openqa.selenium.remote.service.DriverCommandExecutor.invokeExecute(DriverCommandExecutor.java:167)
at org.openqa.selenium.remote.service.DriverCommandExecutor.execute(DriverCommandExecutor.java:142)
at org.openqa.selenium.remote.RemoteWebDriver.execute(RemoteWebDriver.java:558)
at org.openqa.selenium.remote.RemoteWebDriver.get(RemoteWebDriver.java:327)
at dATA_PROVIDER.Yahho_provider.primary_yahoo_setup(Yahho_provider.java:23)
at jdk.internal.reflect.GeneratedMethodAccessor1.invoke(Unknown Source)
at java.base/jdk.internal.reflect.DelegatingMethodAccessorImpl.invoke(DelegatingMethodAccessorImpl.java:43)
at java.base/java.lang.reflect.Method.invoke(Method.java:567)
at org.testng.internal.MethodInvocationHelper.invokeMethod(MethodInvocationHelper.java:133)
at org.testng.internal.TestInvoker.invokeMethod(TestInvoker.java:598)
at org.testng.internal.TestInvoker.invokeTestMethod(TestInvoker.java:173)
at org.testng.internal.MethodRunner.runInSequence(MethodRunner.java:46)
at org.testng.internal.TestInvoker$MethodInvocationAgent.invoke(TestInvoker.java:824)
at org.testng.internal.TestInvoker.invokeTestMethods(TestInvoker.java:146)
at org.testng.internal.TestMethodWorker.invokeTestMethods(TestMethodWorker.java:146)
at org.testng.internal.TestMethodWorker.run(TestMethodWorker.java:128)
at java.base/java.util.ArrayList.forEach(ArrayList.java:1511)
at org.testng.TestRunner.privateRun(TestRunner.java:794)
at org.testng.TestRunner.run(TestRunner.java:596)
at org.testng.SuiteRunner.runTest(SuiteRunner.java:377)
at org.testng.SuiteRunner.runSequentially(SuiteRunner.java:371)
at org.testng.SuiteRunner.privateRun(SuiteRunner.java:332)
at org.testng.SuiteRunner.run(SuiteRunner.java:276)
at org.testng.SuiteRunnerWorker.runSuite(SuiteRunnerWorker.java:53)
at org.testng.SuiteRunnerWorker.run(SuiteRunnerWorker.java:96)
at org.testng.TestNG.runSuitesSequentially(TestNG.java:1212)
at org.testng.TestNG.runSuitesLocally(TestNG.java:1134)
at org.testng.TestNG.runSuites(TestNG.java:1063)
at org.testng.TestNG.run(TestNG.java:1031)
at org.testng.remote.AbstractRemoteTestNG.run(AbstractRemoteTestNG.java:115)
at org.testng.remote.RemoteTestNG.initAndRun(RemoteTestNG.java:251)
at org.testng.remote.RemoteTestNG.main(RemoteTestNG.java:77)
]]>
    </error>
  </testcase> <!-- primary_yahoo_setup -->
  <system-out/>
  <testcase classname="dATA_PROVIDER.Yahho_provider" name="primary_yahoo_setup" time="16.278"/>
  <system-out/>
  <testcase classname="dATA_PROVIDER.Yahho_provider" name="primary_yahoo_setup" time="15.373"/>
  <system-out/>
  <testcase classname="dATA_PROVIDER.Yahho_provider" name="primary_yahoo_setup" time="27.490"/>
  <system-out/>
  <testcase classname="dATA_PROVIDER.Yahho_provider" name="primary_yahoo_setup" time="43.236"/>
  <system-out/>
  <testcase classname="dATA_PROVIDER.Yahho_provider" name="primary_yahoo_setup" time="13.544"/>
  <system-out/>
  <testcase classname="dATA_PROVIDER.Yahho_provider" name="primary_yahoo_setup" time="14.600"/>
  <system-out/>
  <testcase classname="dATA_PROVIDER.Yahho_provider" name="primary_yahoo_setup" time="29.034"/>
  <system-out/>
  <testcase classname="dATA_PROVIDER.Yahho_provider" name="primary_yahoo_setup" time="31.130"/>
  <system-out/>
  <testcase classname="dATA_PROVIDER.Yahho_provider" name="primary_yahoo_setup" time="20.040"/>
  <system-out/>
  <testcase classname="dATA_PROVIDER.Yahho_provider" name="primary_yahoo_setup" time="25.429"/>
  <system-out/>
  <testcase classname="dATA_PROVIDER.Yahho_provider" name="primary_yahoo_setup" time="20.459"/>
  <system-out/>
  <testcase classname="dATA_PROVIDER.Yahho_provider" name="primary_yahoo_setup" time="22.789"/>
  <system-out/>
  <testcase classname="dATA_PROVIDER.Yahho_provider" name="primary_yahoo_setup" time="28.276"/>
  <system-out/>
  <testcase classname="dATA_PROVIDER.Yahho_provider" name="primary_yahoo_setup" time="25.629"/>
  <system-out/>
  <testcase classname="dATA_PROVIDER.Yahho_provider" name="primary_yahoo_setup" time="31.114"/>
  <system-out/>
  <testcase classname="dATA_PROVIDER.Yahho_provider" name="primary_yahoo_setup" time="41.668"/>
  <system-out/>
  <testcase classname="dATA_PROVIDER.Yahho_provider" name="primary_yahoo_setup" time="22.082"/>
  <system-out/>
  <testcase classname="dATA_PROVIDER.Yahho_provider" name="primary_yahoo_setup" time="30.918"/>
  <system-out/>
  <testcase classname="dATA_PROVIDER.Yahho_provider" name="primary_yahoo_setup" time="44.317"/>
  <system-out/>
  <testcase classname="dATA_PROVIDER.Yahho_provider" name="primary_yahoo_setup" time="30.097"/>
  <system-out/>
  <testcase classname="dATA_PROVIDER.Yahho_provider" name="primary_yahoo_setup" time="38.055"/>
  <system-out/>
  <testcase classname="dATA_PROVIDER.Yahho_provider" name="primary_yahoo_setup" time="41.019"/>
  <system-out/>
</testsuite> <!-- dATA_PROVIDER.Yahho_provider -->
